<?xml version="1.0" encoding="UTF-8"?>
<coverage generated="1557055314765" clover="3.2.0">
  <project timestamp="1557055314765" name="All files">
    <metrics statements="12" coveredstatements="8" conditionals="12" coveredconditionals="4" methods="2" coveredmethods="1" elements="26" coveredelements="13" complexity="0" loc="12" ncloc="12" packages="1" files="2" classes="2"/>
    <file name="rockPaperScissors.js" path="C:\Users\syzygy\JumpStart\learn-jest-mock\src\rockPaperScissors.js">
      <metrics statements="10" coveredstatements="8" conditionals="8" coveredconditionals="4" methods="1" coveredmethods="1"/>
      <line num="4" count="6" type="stmt"/>
      <line num="5" count="6" type="stmt"/>
      <line num="6" count="6" type="stmt"/>
      <line num="7" count="6" type="cond" truecount="2" falsecount="0"/>
      <line num="8" count="12" type="stmt"/>
      <line num="9" count="12" type="cond" truecount="1" falsecount="1"/>
      <line num="10" count="12" type="stmt"/>
      <line num="11" count="0" type="cond" truecount="0" falsecount="2"/>
      <line num="12" count="0" type="stmt"/>
      <line num="15" count="6" type="cond" truecount="1" falsecount="1"/>
    </file>
    <file name="utils.js" path="C:\Users\syzygy\JumpStart\learn-jest-mock\src\utils.js">
      <metrics statements="2" coveredstatements="0" conditionals="4" coveredconditionals="0" methods="1" coveredmethods="0"/>
      <line num="2" count="0" type="stmt"/>
      <line num="3" count="0" type="cond" truecount="0" falsecount="2"/>
    </file>
  </project>
</coverage>
