{"C:\\Users\\syzygy\\JumpStart\\learn-jest-mock\\src\\rockPaperScissors.js": {"path":"C:\\Users\\syzygy\\JumpStart\\learn-jest-mock\\src\\rockPaperScissors.js","statementMap":{"0":{"start":{"line":4,"column":24},"end":{"line":4,"column":25}},"1":{"start":{"line":5,"column":22},"end":{"line":5,"column":23}},"2":{"start":{"line":6,"column":22},"end":{"line":6,"column":23}},"3":{"start":{"line":7,"column":4},"end":{"line":14,"column":5}},"4":{"start":{"line":8,"column":23},"end":{"line":8,"column":50}},"5":{"start":{"line":9,"column":8},"end":{"line":13,"column":9}},"6":{"start":{"line":10,"column":12},"end":{"line":10,"column":25}},"7":{"start":{"line":11,"column":15},"end":{"line":13,"column":9}},"8":{"start":{"line":12,"column":12},"end":{"line":12,"column":25}},"9":{"start":{"line":15,"column":4},"end":{"line":17,"column":17}}},"fnMap":{"0":{"name":"rockPaperScissors","decl":{"start":{"line":3,"column":9},"end":{"line":3,"column":26}},"loc":{"start":{"line":3,"column":45},"end":{"line":18,"column":1}},"line":3}},"branchMap":{"0":{"loc":{"start":{"line":7,"column":11},"end":{"line":7,"column":65}},"type":"binary-expr","locations":[{"start":{"line":7,"column":11},"end":{"line":7,"column":36}},{"start":{"line":7,"column":40},"end":{"line":7,"column":65}}],"line":7},"1":{"loc":{"start":{"line":9,"column":8},"end":{"line":13,"column":9}},"type":"if","locations":[{"start":{"line":9,"column":8},"end":{"line":13,"column":9}},{"start":{"line":9,"column":8},"end":{"line":13,"column":9}}],"line":9},"2":{"loc":{"start":{"line":11,"column":15},"end":{"line":13,"column":9}},"type":"if","locations":[{"start":{"line":11,"column":15},"end":{"line":13,"column":9}},{"start":{"line":11,"column":15},"end":{"line":13,"column":9}}],"line":11},"3":{"loc":{"start":{"line":15,"column":11},"end":{"line":17,"column":17}},"type":"cond-expr","locations":[{"start":{"line":16,"column":10},"end":{"line":16,"column":17}},{"start":{"line":17,"column":10},"end":{"line":17,"column":17}}],"line":15}},"s":{"0":6,"1":6,"2":6,"3":6,"4":12,"5":12,"6":12,"7":0,"8":0,"9":6},"f":{"0":6},"b":{"0":[18,12],"1":[12,0],"2":[0,0],"3":[6,0]},"_coverageSchema":"43e27e138ebf9cfc5966b082cf9a028302ed4184","hash":"339e7acd5c0cd6133173a93c629e48976cdca582"}
,"C:\\Users\\syzygy\\JumpStart\\learn-jest-mock\\src\\utils.js": {"path":"C:\\Users\\syzygy\\JumpStart\\learn-jest-mock\\src\\utils.js","statementMap":{"0":{"start":{"line":2,"column":26},"end":{"line":2,"column":39}},"1":{"start":{"line":3,"column":4},"end":{"line":7,"column":18}}},"fnMap":{"0":{"name":"getWinner","decl":{"start":{"line":1,"column":9},"end":{"line":1,"column":18}},"loc":{"start":{"line":1,"column":37},"end":{"line":8,"column":1}},"line":1}},"branchMap":{"0":{"loc":{"start":{"line":3,"column":11},"end":{"line":7,"column":18}},"type":"cond-expr","locations":[{"start":{"line":4,"column":10},"end":{"line":4,"column":17}},{"start":{"line":5,"column":10},"end":{"line":7,"column":18}}],"line":3},"1":{"loc":{"start":{"line":5,"column":10},"end":{"line":7,"column":18}},"type":"cond-expr","locations":[{"start":{"line":6,"column":14},"end":{"line":6,"column":21}},{"start":{"line":7,"column":14},"end":{"line":7,"column":18}}],"line":5}},"s":{"0":0,"1":0},"f":{"0":0},"b":{"0":[0,0],"1":[0,0]},"_coverageSchema":"43e27e138ebf9cfc5966b082cf9a028302ed4184","hash":"b601f7d65c5a2d0bbba83bf61a80722b8cf676b1"}
}
