TN:
SF:C:\Users\syzygy\JumpStart\learn-jest-mock\src\rockPaperScissors.js
FN:3,rockPaperScissors
FNF:1
FNH:1
FNDA:6,rockPaperScissors
DA:4,6
DA:5,6
DA:6,6
DA:7,6
DA:8,12
DA:9,12
DA:10,12
DA:11,0
DA:12,0
DA:15,6
LF:10
LH:8
BRDA:7,0,0,18
BRDA:7,0,1,12
BRDA:9,1,0,12
BRDA:9,1,1,0
BRDA:11,2,0,0
BRDA:11,2,1,0
BRDA:15,3,0,6
BRDA:15,3,1,0
BRF:8
BRH:4
end_of_record
TN:
SF:C:\Users\syzygy\JumpStart\learn-jest-mock\src\utils.js
FN:1,getWinner
FNF:1
FNH:0
FNDA:0,getWinner
DA:2,0
DA:3,0
LF:2
LH:0
BRDA:3,0,0,0
BRDA:3,0,1,0
BRDA:5,1,0,0
BRDA:5,1,1,0
BRF:4
BRH:0
end_of_record
